{"date":"Sat Aug 02 2025 14:15:25 GMT-0500 (Central Daylight Time)","error":{"diagnosticCodes":[6133]},"exception":true,"level":"error","message":"uncaughtException: ⨯ Unable to compile TypeScript:\n\u001b[96msrc/middleware/errorHandler.ts\u001b[0m:\u001b[93m26\u001b[0m:\u001b[93m3\u001b[0m - \u001b[91merror\u001b[0m\u001b[90m TS6133: \u001b[0m'next' is declared but its value is never read.\n\n\u001b[7m26\u001b[0m   next: NextFunction\n\u001b[7m  \u001b[0m \u001b[91m  ~~~~\u001b[0m\n\nTSError: ⨯ Unable to compile TypeScript:\n\u001b[96msrc/middleware/errorHandler.ts\u001b[0m:\u001b[93m26\u001b[0m:\u001b[93m3\u001b[0m - \u001b[91merror\u001b[0m\u001b[90m TS6133: \u001b[0m'next' is declared but its value is never read.\n\n\u001b[7m26\u001b[0m   next: NextFunction\n\u001b[7m  \u001b[0m \u001b[91m  ~~~~\u001b[0m\n\n    at createTSError (/Users/antonedei/Documents/SpendBox/spendbox/node_modules/ts-node/src/index.ts:859:12)\n    at reportTSError (/Users/antonedei/Documents/SpendBox/spendbox/node_modules/ts-node/src/index.ts:863:19)\n    at getOutput (/Users/antonedei/Documents/SpendBox/spendbox/node_modules/ts-node/src/index.ts:1077:36)\n    at Object.compile (/Users/antonedei/Documents/SpendBox/spendbox/node_modules/ts-node/src/index.ts:1433:41)\n    at Module.m._compile (/Users/antonedei/Documents/SpendBox/spendbox/node_modules/ts-node/src/index.ts:1617:30)\n    at Module._extensions..js (node:internal/modules/cjs/loader:1272:10)\n    at Object.require.extensions.<computed> [as .ts] (/Users/antonedei/Documents/SpendBox/spendbox/node_modules/ts-node/src/index.ts:1621:12)\n    at Module.load (node:internal/modules/cjs/loader:1081:32)\n    at Function.Module._load (node:internal/modules/cjs/loader:922:12)\n    at Module.require (node:internal/modules/cjs/loader:1105:19)","os":{"loadavg":[30.2060546875,35.35888671875,34.3076171875],"uptime":2121961},"process":{"argv":["/Users/antonedei/Documents/SpendBox/spendbox/node_modules/.bin/ts-node","/Users/antonedei/Documents/SpendBox/spendbox/backend/src/index.ts"],"cwd":"/Users/antonedei/Documents/SpendBox/spendbox/backend","execPath":"/usr/local/bin/node","gid":20,"memoryUsage":{"arrayBuffers":21119286,"external":22605216,"heapTotal":306249728,"heapUsed":274846832,"rss":401539072},"pid":40093,"uid":501,"version":"v18.13.0"},"service":"spendbox-backend","stack":"TSError: ⨯ Unable to compile TypeScript:\n\u001b[96msrc/middleware/errorHandler.ts\u001b[0m:\u001b[93m26\u001b[0m:\u001b[93m3\u001b[0m - \u001b[91merror\u001b[0m\u001b[90m TS6133: \u001b[0m'next' is declared but its value is never read.\n\n\u001b[7m26\u001b[0m   next: NextFunction\n\u001b[7m  \u001b[0m \u001b[91m  ~~~~\u001b[0m\n\n    at createTSError (/Users/antonedei/Documents/SpendBox/spendbox/node_modules/ts-node/src/index.ts:859:12)\n    at reportTSError (/Users/antonedei/Documents/SpendBox/spendbox/node_modules/ts-node/src/index.ts:863:19)\n    at getOutput (/Users/antonedei/Documents/SpendBox/spendbox/node_modules/ts-node/src/index.ts:1077:36)\n    at Object.compile (/Users/antonedei/Documents/SpendBox/spendbox/node_modules/ts-node/src/index.ts:1433:41)\n    at Module.m._compile (/Users/antonedei/Documents/SpendBox/spendbox/node_modules/ts-node/src/index.ts:1617:30)\n    at Module._extensions..js (node:internal/modules/cjs/loader:1272:10)\n    at Object.require.extensions.<computed> [as .ts] (/Users/antonedei/Documents/SpendBox/spendbox/node_modules/ts-node/src/index.ts:1621:12)\n    at Module.load (node:internal/modules/cjs/loader:1081:32)\n    at Function.Module._load (node:internal/modules/cjs/loader:922:12)\n    at Module.require (node:internal/modules/cjs/loader:1105:19)","timestamp":"2025-08-02T19:15:25.617Z","trace":[{"column":12,"file":"/Users/antonedei/Documents/SpendBox/spendbox/node_modules/ts-node/src/index.ts","function":"createTSError","line":859,"method":null,"native":false},{"column":19,"file":"/Users/antonedei/Documents/SpendBox/spendbox/node_modules/ts-node/src/index.ts","function":"reportTSError","line":863,"method":null,"native":false},{"column":36,"file":"/Users/antonedei/Documents/SpendBox/spendbox/node_modules/ts-node/src/index.ts","function":"getOutput","line":1077,"method":null,"native":false},{"column":41,"file":"/Users/antonedei/Documents/SpendBox/spendbox/node_modules/ts-node/src/index.ts","function":"Object.compile","line":1433,"method":"compile","native":false},{"column":30,"file":"/Users/antonedei/Documents/SpendBox/spendbox/node_modules/ts-node/src/index.ts","function":"Module.m._compile","line":1617,"method":"_compile","native":false},{"column":10,"file":"node:internal/modules/cjs/loader","function":"Module._extensions..js","line":1272,"method":".js","native":false},{"column":12,"file":"/Users/antonedei/Documents/SpendBox/spendbox/node_modules/ts-node/src/index.ts","function":"Object.require.extensions.<computed> [as .ts]","line":1621,"method":"ts]","native":false},{"column":32,"file":"node:internal/modules/cjs/loader","function":"Module.load","line":1081,"method":"load","native":false},{"column":12,"file":"node:internal/modules/cjs/loader","function":"Module._load","line":922,"method":"_load","native":false},{"column":19,"file":"node:internal/modules/cjs/loader","function":"Module.require","line":1105,"method":"require","native":false}]}
{"date":"Sat Aug 02 2025 14:16:01 GMT-0500 (Central Daylight Time)","error":{"diagnosticCodes":[6133]},"exception":true,"level":"error","message":"uncaughtException: ⨯ Unable to compile TypeScript:\n\u001b[96msrc/middleware/errorHandler.ts\u001b[0m:\u001b[93m26\u001b[0m:\u001b[93m3\u001b[0m - \u001b[91merror\u001b[0m\u001b[90m TS6133: \u001b[0m'next' is declared but its value is never read.\n\n\u001b[7m26\u001b[0m   next: NextFunction\n\u001b[7m  \u001b[0m \u001b[91m  ~~~~\u001b[0m\n\nTSError: ⨯ Unable to compile TypeScript:\n\u001b[96msrc/middleware/errorHandler.ts\u001b[0m:\u001b[93m26\u001b[0m:\u001b[93m3\u001b[0m - \u001b[91merror\u001b[0m\u001b[90m TS6133: \u001b[0m'next' is declared but its value is never read.\n\n\u001b[7m26\u001b[0m   next: NextFunction\n\u001b[7m  \u001b[0m \u001b[91m  ~~~~\u001b[0m\n\n    at createTSError (/Users/antonedei/Documents/SpendBox/spendbox/node_modules/ts-node/src/index.ts:859:12)\n    at reportTSError (/Users/antonedei/Documents/SpendBox/spendbox/node_modules/ts-node/src/index.ts:863:19)\n    at getOutput (/Users/antonedei/Documents/SpendBox/spendbox/node_modules/ts-node/src/index.ts:1077:36)\n    at Object.compile (/Users/antonedei/Documents/SpendBox/spendbox/node_modules/ts-node/src/index.ts:1433:41)\n    at Module.m._compile (/Users/antonedei/Documents/SpendBox/spendbox/node_modules/ts-node/src/index.ts:1617:30)\n    at Module._extensions..js (node:internal/modules/cjs/loader:1272:10)\n    at Object.require.extensions.<computed> [as .ts] (/Users/antonedei/Documents/SpendBox/spendbox/node_modules/ts-node/src/index.ts:1621:12)\n    at Module.load (node:internal/modules/cjs/loader:1081:32)\n    at Function.Module._load (node:internal/modules/cjs/loader:922:12)\n    at Module.require (node:internal/modules/cjs/loader:1105:19)","os":{"loadavg":[36.3134765625,36.04736328125,34.583984375],"uptime":2121997},"process":{"argv":["/Users/antonedei/Documents/SpendBox/spendbox/node_modules/.bin/ts-node","/Users/antonedei/Documents/SpendBox/spendbox/backend/src/index.ts"],"cwd":"/Users/antonedei/Documents/SpendBox/spendbox/backend","execPath":"/usr/local/bin/node","gid":20,"memoryUsage":{"arrayBuffers":20937353,"external":22423283,"heapTotal":307036160,"heapUsed":273532416,"rss":354762752},"pid":40467,"uid":501,"version":"v18.13.0"},"service":"spendbox-backend","stack":"TSError: ⨯ Unable to compile TypeScript:\n\u001b[96msrc/middleware/errorHandler.ts\u001b[0m:\u001b[93m26\u001b[0m:\u001b[93m3\u001b[0m - \u001b[91merror\u001b[0m\u001b[90m TS6133: \u001b[0m'next' is declared but its value is never read.\n\n\u001b[7m26\u001b[0m   next: NextFunction\n\u001b[7m  \u001b[0m \u001b[91m  ~~~~\u001b[0m\n\n    at createTSError (/Users/antonedei/Documents/SpendBox/spendbox/node_modules/ts-node/src/index.ts:859:12)\n    at reportTSError (/Users/antonedei/Documents/SpendBox/spendbox/node_modules/ts-node/src/index.ts:863:19)\n    at getOutput (/Users/antonedei/Documents/SpendBox/spendbox/node_modules/ts-node/src/index.ts:1077:36)\n    at Object.compile (/Users/antonedei/Documents/SpendBox/spendbox/node_modules/ts-node/src/index.ts:1433:41)\n    at Module.m._compile (/Users/antonedei/Documents/SpendBox/spendbox/node_modules/ts-node/src/index.ts:1617:30)\n    at Module._extensions..js (node:internal/modules/cjs/loader:1272:10)\n    at Object.require.extensions.<computed> [as .ts] (/Users/antonedei/Documents/SpendBox/spendbox/node_modules/ts-node/src/index.ts:1621:12)\n    at Module.load (node:internal/modules/cjs/loader:1081:32)\n    at Function.Module._load (node:internal/modules/cjs/loader:922:12)\n    at Module.require (node:internal/modules/cjs/loader:1105:19)","timestamp":"2025-08-02T19:16:01.649Z","trace":[{"column":12,"file":"/Users/antonedei/Documents/SpendBox/spendbox/node_modules/ts-node/src/index.ts","function":"createTSError","line":859,"method":null,"native":false},{"column":19,"file":"/Users/antonedei/Documents/SpendBox/spendbox/node_modules/ts-node/src/index.ts","function":"reportTSError","line":863,"method":null,"native":false},{"column":36,"file":"/Users/antonedei/Documents/SpendBox/spendbox/node_modules/ts-node/src/index.ts","function":"getOutput","line":1077,"method":null,"native":false},{"column":41,"file":"/Users/antonedei/Documents/SpendBox/spendbox/node_modules/ts-node/src/index.ts","function":"Object.compile","line":1433,"method":"compile","native":false},{"column":30,"file":"/Users/antonedei/Documents/SpendBox/spendbox/node_modules/ts-node/src/index.ts","function":"Module.m._compile","line":1617,"method":"_compile","native":false},{"column":10,"file":"node:internal/modules/cjs/loader","function":"Module._extensions..js","line":1272,"method":".js","native":false},{"column":12,"file":"/Users/antonedei/Documents/SpendBox/spendbox/node_modules/ts-node/src/index.ts","function":"Object.require.extensions.<computed> [as .ts]","line":1621,"method":"ts]","native":false},{"column":32,"file":"node:internal/modules/cjs/loader","function":"Module.load","line":1081,"method":"load","native":false},{"column":12,"file":"node:internal/modules/cjs/loader","function":"Module._load","line":922,"method":"_load","native":false},{"column":19,"file":"node:internal/modules/cjs/loader","function":"Module.require","line":1105,"method":"require","native":false}]}
{"date":"Sat Aug 02 2025 14:16:38 GMT-0500 (Central Daylight Time)","error":{"diagnosticCodes":[2769,2345,2345]},"exception":true,"level":"error","message":"uncaughtException: ⨯ Unable to compile TypeScript:\n\u001b[96msrc/routes/auth.ts\u001b[0m:\u001b[93m16\u001b[0m:\u001b[93m18\u001b[0m - \u001b[91merror\u001b[0m\u001b[90m TS2769: \u001b[0mNo overload matches this call.\n  Overload 1 of 5, '(payload: string | object | Buffer<ArrayBufferLike>, secretOrPrivateKey: null, options?: SignOptions & { algorithm: \"none\"; }): string', gave the following error.\n    Argument of type 'string' is not assignable to parameter of type 'null'.\n  Overload 2 of 5, '(payload: string | object | Buffer<ArrayBufferLike>, secretOrPrivateKey: Buffer<ArrayBufferLike> | Secret | PrivateKeyInput | JsonWebKeyInput, options?: SignOptions): string', gave the following error.\n    Type 'string' is not assignable to type 'number | StringValue'.\n  Overload 3 of 5, '(payload: string | object | Buffer<ArrayBufferLike>, secretOrPrivateKey: Buffer<ArrayBufferLike> | Secret | PrivateKeyInput | JsonWebKeyInput, callback: SignCallback): void', gave the following error.\n    Object literal may only specify known properties, and 'expiresIn' does not exist in type 'SignCallback'.\n\n\u001b[7m16\u001b[0m       return jwt.sign({ id }, process.env['JWT_SECRET']!, {\n\u001b[7m  \u001b[0m \u001b[91m                 ~~~~\u001b[0m\n\n  \u001b[96m../node_modules/@types/jsonwebtoken/index.d.ts\u001b[0m:\u001b[93m43\u001b[0m:\u001b[93m5\u001b[0m\n    \u001b[7m43\u001b[0m     expiresIn?: StringValue | number;\n    \u001b[7m  \u001b[0m \u001b[96m    ~~~~~~~~~\u001b[0m\n    The expected type comes from property 'expiresIn' which is declared here on type 'SignOptions'\n\u001b[96msrc/routes/auth.ts\u001b[0m:\u001b[93m59\u001b[0m:\u001b[93m31\u001b[0m - \u001b[91merror\u001b[0m\u001b[90m TS2345: \u001b[0mArgument of type 'unknown' is not assignable to parameter of type 'string'.\n\n\u001b[7m59\u001b[0m   const token = generateToken(user._id);\n\u001b[7m  \u001b[0m \u001b[91m                              ~~~~~~~~\u001b[0m\n\u001b[96msrc/routes/auth.ts\u001b[0m:\u001b[93m104\u001b[0m:\u001b[93m31\u001b[0m - \u001b[91merror\u001b[0m\u001b[90m TS2345: \u001b[0mArgument of type 'unknown' is not assignable to parameter of type 'string'.\n\n\u001b[7m104\u001b[0m   const token = generateToken(user._id);\n\u001b[7m   \u001b[0m \u001b[91m                              ~~~~~~~~\u001b[0m\n\nTSError: ⨯ Unable to compile TypeScript:\n\u001b[96msrc/routes/auth.ts\u001b[0m:\u001b[93m16\u001b[0m:\u001b[93m18\u001b[0m - \u001b[91merror\u001b[0m\u001b[90m TS2769: \u001b[0mNo overload matches this call.\n  Overload 1 of 5, '(payload: string | object | Buffer<ArrayBufferLike>, secretOrPrivateKey: null, options?: SignOptions & { algorithm: \"none\"; }): string', gave the following error.\n    Argument of type 'string' is not assignable to parameter of type 'null'.\n  Overload 2 of 5, '(payload: string | object | Buffer<ArrayBufferLike>, secretOrPrivateKey: Buffer<ArrayBufferLike> | Secret | PrivateKeyInput | JsonWebKeyInput, options?: SignOptions): string', gave the following error.\n    Type 'string' is not assignable to type 'number | StringValue'.\n  Overload 3 of 5, '(payload: string | object | Buffer<ArrayBufferLike>, secretOrPrivateKey: Buffer<ArrayBufferLike> | Secret | PrivateKeyInput | JsonWebKeyInput, callback: SignCallback): void', gave the following error.\n    Object literal may only specify known properties, and 'expiresIn' does not exist in type 'SignCallback'.\n\n\u001b[7m16\u001b[0m       return jwt.sign({ id }, process.env['JWT_SECRET']!, {\n\u001b[7m  \u001b[0m \u001b[91m                 ~~~~\u001b[0m\n\n  \u001b[96m../node_modules/@types/jsonwebtoken/index.d.ts\u001b[0m:\u001b[93m43\u001b[0m:\u001b[93m5\u001b[0m\n    \u001b[7m43\u001b[0m     expiresIn?: StringValue | number;\n    \u001b[7m  \u001b[0m \u001b[96m    ~~~~~~~~~\u001b[0m\n    The expected type comes from property 'expiresIn' which is declared here on type 'SignOptions'\n\u001b[96msrc/routes/auth.ts\u001b[0m:\u001b[93m59\u001b[0m:\u001b[93m31\u001b[0m - \u001b[91merror\u001b[0m\u001b[90m TS2345: \u001b[0mArgument of type 'unknown' is not assignable to parameter of type 'string'.\n\n\u001b[7m59\u001b[0m   const token = generateToken(user._id);\n\u001b[7m  \u001b[0m \u001b[91m                              ~~~~~~~~\u001b[0m\n\u001b[96msrc/routes/auth.ts\u001b[0m:\u001b[93m104\u001b[0m:\u001b[93m31\u001b[0m - \u001b[91merror\u001b[0m\u001b[90m TS2345: \u001b[0mArgument of type 'unknown' is not assignable to parameter of type 'string'.\n\n\u001b[7m104\u001b[0m   const token = generateToken(user._id);\n\u001b[7m   \u001b[0m \u001b[91m                              ~~~~~~~~\u001b[0m\n\n    at createTSError (/Users/antonedei/Documents/SpendBox/spendbox/node_modules/ts-node/src/index.ts:859:12)\n    at reportTSError (/Users/antonedei/Documents/SpendBox/spendbox/node_modules/ts-node/src/index.ts:863:19)\n    at getOutput (/Users/antonedei/Documents/SpendBox/spendbox/node_modules/ts-node/src/index.ts:1077:36)\n    at Object.compile (/Users/antonedei/Documents/SpendBox/spendbox/node_modules/ts-node/src/index.ts:1433:41)\n    at Module.m._compile (/Users/antonedei/Documents/SpendBox/spendbox/node_modules/ts-node/src/index.ts:1617:30)\n    at Module._extensions..js (node:internal/modules/cjs/loader:1272:10)\n    at Object.require.extensions.<computed> [as .ts] (/Users/antonedei/Documents/SpendBox/spendbox/node_modules/ts-node/src/index.ts:1621:12)\n    at Module.load (node:internal/modules/cjs/loader:1081:32)\n    at Function.Module._load (node:internal/modules/cjs/loader:922:12)\n    at Module.require (node:internal/modules/cjs/loader:1105:19)","os":{"loadavg":[73.18505859375,45.6005859375,38.1455078125],"uptime":2122034},"process":{"argv":["/Users/antonedei/Documents/SpendBox/spendbox/node_modules/.bin/ts-node","/Users/antonedei/Documents/SpendBox/spendbox/backend/src/index.ts"],"cwd":"/Users/antonedei/Documents/SpendBox/spendbox/backend","execPath":"/usr/local/bin/node","gid":20,"memoryUsage":{"arrayBuffers":20667298,"external":22153228,"heapTotal":390742016,"heapUsed":361811240,"rss":461242368},"pid":40916,"uid":501,"version":"v18.13.0"},"service":"spendbox-backend","stack":"TSError: ⨯ Unable to compile TypeScript:\n\u001b[96msrc/routes/auth.ts\u001b[0m:\u001b[93m16\u001b[0m:\u001b[93m18\u001b[0m - \u001b[91merror\u001b[0m\u001b[90m TS2769: \u001b[0mNo overload matches this call.\n  Overload 1 of 5, '(payload: string | object | Buffer<ArrayBufferLike>, secretOrPrivateKey: null, options?: SignOptions & { algorithm: \"none\"; }): string', gave the following error.\n    Argument of type 'string' is not assignable to parameter of type 'null'.\n  Overload 2 of 5, '(payload: string | object | Buffer<ArrayBufferLike>, secretOrPrivateKey: Buffer<ArrayBufferLike> | Secret | PrivateKeyInput | JsonWebKeyInput, options?: SignOptions): string', gave the following error.\n    Type 'string' is not assignable to type 'number | StringValue'.\n  Overload 3 of 5, '(payload: string | object | Buffer<ArrayBufferLike>, secretOrPrivateKey: Buffer<ArrayBufferLike> | Secret | PrivateKeyInput | JsonWebKeyInput, callback: SignCallback): void', gave the following error.\n    Object literal may only specify known properties, and 'expiresIn' does not exist in type 'SignCallback'.\n\n\u001b[7m16\u001b[0m       return jwt.sign({ id }, process.env['JWT_SECRET']!, {\n\u001b[7m  \u001b[0m \u001b[91m                 ~~~~\u001b[0m\n\n  \u001b[96m../node_modules/@types/jsonwebtoken/index.d.ts\u001b[0m:\u001b[93m43\u001b[0m:\u001b[93m5\u001b[0m\n    \u001b[7m43\u001b[0m     expiresIn?: StringValue | number;\n    \u001b[7m  \u001b[0m \u001b[96m    ~~~~~~~~~\u001b[0m\n    The expected type comes from property 'expiresIn' which is declared here on type 'SignOptions'\n\u001b[96msrc/routes/auth.ts\u001b[0m:\u001b[93m59\u001b[0m:\u001b[93m31\u001b[0m - \u001b[91merror\u001b[0m\u001b[90m TS2345: \u001b[0mArgument of type 'unknown' is not assignable to parameter of type 'string'.\n\n\u001b[7m59\u001b[0m   const token = generateToken(user._id);\n\u001b[7m  \u001b[0m \u001b[91m                              ~~~~~~~~\u001b[0m\n\u001b[96msrc/routes/auth.ts\u001b[0m:\u001b[93m104\u001b[0m:\u001b[93m31\u001b[0m - \u001b[91merror\u001b[0m\u001b[90m TS2345: \u001b[0mArgument of type 'unknown' is not assignable to parameter of type 'string'.\n\n\u001b[7m104\u001b[0m   const token = generateToken(user._id);\n\u001b[7m   \u001b[0m \u001b[91m                              ~~~~~~~~\u001b[0m\n\n    at createTSError (/Users/antonedei/Documents/SpendBox/spendbox/node_modules/ts-node/src/index.ts:859:12)\n    at reportTSError (/Users/antonedei/Documents/SpendBox/spendbox/node_modules/ts-node/src/index.ts:863:19)\n    at getOutput (/Users/antonedei/Documents/SpendBox/spendbox/node_modules/ts-node/src/index.ts:1077:36)\n    at Object.compile (/Users/antonedei/Documents/SpendBox/spendbox/node_modules/ts-node/src/index.ts:1433:41)\n    at Module.m._compile (/Users/antonedei/Documents/SpendBox/spendbox/node_modules/ts-node/src/index.ts:1617:30)\n    at Module._extensions..js (node:internal/modules/cjs/loader:1272:10)\n    at Object.require.extensions.<computed> [as .ts] (/Users/antonedei/Documents/SpendBox/spendbox/node_modules/ts-node/src/index.ts:1621:12)\n    at Module.load (node:internal/modules/cjs/loader:1081:32)\n    at Function.Module._load (node:internal/modules/cjs/loader:922:12)\n    at Module.require (node:internal/modules/cjs/loader:1105:19)","timestamp":"2025-08-02T19:16:38.403Z","trace":[{"column":12,"file":"/Users/antonedei/Documents/SpendBox/spendbox/node_modules/ts-node/src/index.ts","function":"createTSError","line":859,"method":null,"native":false},{"column":19,"file":"/Users/antonedei/Documents/SpendBox/spendbox/node_modules/ts-node/src/index.ts","function":"reportTSError","line":863,"method":null,"native":false},{"column":36,"file":"/Users/antonedei/Documents/SpendBox/spendbox/node_modules/ts-node/src/index.ts","function":"getOutput","line":1077,"method":null,"native":false},{"column":41,"file":"/Users/antonedei/Documents/SpendBox/spendbox/node_modules/ts-node/src/index.ts","function":"Object.compile","line":1433,"method":"compile","native":false},{"column":30,"file":"/Users/antonedei/Documents/SpendBox/spendbox/node_modules/ts-node/src/index.ts","function":"Module.m._compile","line":1617,"method":"_compile","native":false},{"column":10,"file":"node:internal/modules/cjs/loader","function":"Module._extensions..js","line":1272,"method":".js","native":false},{"column":12,"file":"/Users/antonedei/Documents/SpendBox/spendbox/node_modules/ts-node/src/index.ts","function":"Object.require.extensions.<computed> [as .ts]","line":1621,"method":"ts]","native":false},{"column":32,"file":"node:internal/modules/cjs/loader","function":"Module.load","line":1081,"method":"load","native":false},{"column":12,"file":"node:internal/modules/cjs/loader","function":"Module._load","line":922,"method":"_load","native":false},{"column":19,"file":"node:internal/modules/cjs/loader","function":"Module.require","line":1105,"method":"require","native":false}]}
{"date":"Sat Aug 02 2025 14:16:55 GMT-0500 (Central Daylight Time)","error":{},"exception":true,"level":"error","message":"uncaughtException: The OPENAI_API_KEY environment variable is missing or empty; either provide it, or instantiate the OpenAI client with an apiKey option, like new OpenAI({ apiKey: 'My API Key' }).\nError: The OPENAI_API_KEY environment variable is missing or empty; either provide it, or instantiate the OpenAI client with an apiKey option, like new OpenAI({ apiKey: 'My API Key' }).\n    at new OpenAI (/Users/antonedei/Documents/SpendBox/spendbox/node_modules/openai/src/index.ts:272:13)\n    at Object.<anonymous> (/Users/antonedei/Documents/SpendBox/spendbox/backend/src/services/aiService.ts:5:16)\n    at Module._compile (node:internal/modules/cjs/loader:1218:14)\n    at Module.m._compile (/Users/antonedei/Documents/SpendBox/spendbox/node_modules/ts-node/src/index.ts:1618:23)\n    at Module._extensions..js (node:internal/modules/cjs/loader:1272:10)\n    at Object.require.extensions.<computed> [as .ts] (/Users/antonedei/Documents/SpendBox/spendbox/node_modules/ts-node/src/index.ts:1621:12)\n    at Module.load (node:internal/modules/cjs/loader:1081:32)\n    at Function.Module._load (node:internal/modules/cjs/loader:922:12)\n    at Module.require (node:internal/modules/cjs/loader:1105:19)\n    at require (node:internal/modules/cjs/helpers:103:18)","os":{"loadavg":[110.85205078125,56.02392578125,42.06005859375],"uptime":2122051},"process":{"argv":["/Users/antonedei/Documents/SpendBox/spendbox/node_modules/.bin/ts-node","/Users/antonedei/Documents/SpendBox/spendbox/backend/src/index.ts"],"cwd":"/Users/antonedei/Documents/SpendBox/spendbox/backend","execPath":"/usr/local/bin/node","gid":20,"memoryUsage":{"arrayBuffers":20801172,"external":22301219,"heapTotal":96550912,"heapUsed":66843808,"rss":187088896},"pid":41219,"uid":501,"version":"v18.13.0"},"service":"spendbox-backend","stack":"Error: The OPENAI_API_KEY environment variable is missing or empty; either provide it, or instantiate the OpenAI client with an apiKey option, like new OpenAI({ apiKey: 'My API Key' }).\n    at new OpenAI (/Users/antonedei/Documents/SpendBox/spendbox/node_modules/openai/src/index.ts:272:13)\n    at Object.<anonymous> (/Users/antonedei/Documents/SpendBox/spendbox/backend/src/services/aiService.ts:5:16)\n    at Module._compile (node:internal/modules/cjs/loader:1218:14)\n    at Module.m._compile (/Users/antonedei/Documents/SpendBox/spendbox/node_modules/ts-node/src/index.ts:1618:23)\n    at Module._extensions..js (node:internal/modules/cjs/loader:1272:10)\n    at Object.require.extensions.<computed> [as .ts] (/Users/antonedei/Documents/SpendBox/spendbox/node_modules/ts-node/src/index.ts:1621:12)\n    at Module.load (node:internal/modules/cjs/loader:1081:32)\n    at Function.Module._load (node:internal/modules/cjs/loader:922:12)\n    at Module.require (node:internal/modules/cjs/loader:1105:19)\n    at require (node:internal/modules/cjs/helpers:103:18)","timestamp":"2025-08-02T19:16:55.975Z","trace":[{"column":13,"file":"/Users/antonedei/Documents/SpendBox/spendbox/node_modules/openai/src/index.ts","function":"new OpenAI","line":272,"method":null,"native":false},{"column":16,"file":"/Users/antonedei/Documents/SpendBox/spendbox/backend/src/services/aiService.ts","function":null,"line":5,"method":null,"native":false},{"column":14,"file":"node:internal/modules/cjs/loader","function":"Module._compile","line":1218,"method":"_compile","native":false},{"column":23,"file":"/Users/antonedei/Documents/SpendBox/spendbox/node_modules/ts-node/src/index.ts","function":"Module.m._compile","line":1618,"method":"_compile","native":false},{"column":10,"file":"node:internal/modules/cjs/loader","function":"Module._extensions..js","line":1272,"method":".js","native":false},{"column":12,"file":"/Users/antonedei/Documents/SpendBox/spendbox/node_modules/ts-node/src/index.ts","function":"Object.require.extensions.<computed> [as .ts]","line":1621,"method":"ts]","native":false},{"column":32,"file":"node:internal/modules/cjs/loader","function":"Module.load","line":1081,"method":"load","native":false},{"column":12,"file":"node:internal/modules/cjs/loader","function":"Module._load","line":922,"method":"_load","native":false},{"column":19,"file":"node:internal/modules/cjs/loader","function":"Module.require","line":1105,"method":"require","native":false},{"column":18,"file":"node:internal/modules/cjs/helpers","function":"require","line":103,"method":null,"native":false}]}
{"date":"Sat Aug 02 2025 14:17:23 GMT-0500 (Central Daylight Time)","error":{"diagnosticCodes":[2769,2345,2345]},"exception":true,"level":"error","message":"uncaughtException: ⨯ Unable to compile TypeScript:\n\u001b[96msrc/routes/auth.ts\u001b[0m:\u001b[93m16\u001b[0m:\u001b[93m18\u001b[0m - \u001b[91merror\u001b[0m\u001b[90m TS2769: \u001b[0mNo overload matches this call.\n  Overload 1 of 5, '(payload: string | object | Buffer<ArrayBufferLike>, secretOrPrivateKey: null, options?: SignOptions & { algorithm: \"none\"; }): string', gave the following error.\n    Argument of type 'string' is not assignable to parameter of type 'null'.\n  Overload 2 of 5, '(payload: string | object | Buffer<ArrayBufferLike>, secretOrPrivateKey: Buffer<ArrayBufferLike> | Secret | PrivateKeyInput | JsonWebKeyInput, options?: SignOptions): string', gave the following error.\n    Type 'string' is not assignable to type 'number | StringValue'.\n  Overload 3 of 5, '(payload: string | object | Buffer<ArrayBufferLike>, secretOrPrivateKey: Buffer<ArrayBufferLike> | Secret | PrivateKeyInput | JsonWebKeyInput, callback: SignCallback): void', gave the following error.\n    Object literal may only specify known properties, and 'expiresIn' does not exist in type 'SignCallback'.\n\n\u001b[7m16\u001b[0m       return jwt.sign({ id }, process.env['JWT_SECRET']!, {\n\u001b[7m  \u001b[0m \u001b[91m                 ~~~~\u001b[0m\n\n  \u001b[96m../node_modules/@types/jsonwebtoken/index.d.ts\u001b[0m:\u001b[93m43\u001b[0m:\u001b[93m5\u001b[0m\n    \u001b[7m43\u001b[0m     expiresIn?: StringValue | number;\n    \u001b[7m  \u001b[0m \u001b[96m    ~~~~~~~~~\u001b[0m\n    The expected type comes from property 'expiresIn' which is declared here on type 'SignOptions'\n\u001b[96msrc/routes/auth.ts\u001b[0m:\u001b[93m59\u001b[0m:\u001b[93m31\u001b[0m - \u001b[91merror\u001b[0m\u001b[90m TS2345: \u001b[0mArgument of type 'unknown' is not assignable to parameter of type 'string'.\n\n\u001b[7m59\u001b[0m   const token = generateToken(user._id);\n\u001b[7m  \u001b[0m \u001b[91m                              ~~~~~~~~\u001b[0m\n\u001b[96msrc/routes/auth.ts\u001b[0m:\u001b[93m104\u001b[0m:\u001b[93m31\u001b[0m - \u001b[91merror\u001b[0m\u001b[90m TS2345: \u001b[0mArgument of type 'unknown' is not assignable to parameter of type 'string'.\n\n\u001b[7m104\u001b[0m   const token = generateToken(user._id);\n\u001b[7m   \u001b[0m \u001b[91m                              ~~~~~~~~\u001b[0m\n\nTSError: ⨯ Unable to compile TypeScript:\n\u001b[96msrc/routes/auth.ts\u001b[0m:\u001b[93m16\u001b[0m:\u001b[93m18\u001b[0m - \u001b[91merror\u001b[0m\u001b[90m TS2769: \u001b[0mNo overload matches this call.\n  Overload 1 of 5, '(payload: string | object | Buffer<ArrayBufferLike>, secretOrPrivateKey: null, options?: SignOptions & { algorithm: \"none\"; }): string', gave the following error.\n    Argument of type 'string' is not assignable to parameter of type 'null'.\n  Overload 2 of 5, '(payload: string | object | Buffer<ArrayBufferLike>, secretOrPrivateKey: Buffer<ArrayBufferLike> | Secret | PrivateKeyInput | JsonWebKeyInput, options?: SignOptions): string', gave the following error.\n    Type 'string' is not assignable to type 'number | StringValue'.\n  Overload 3 of 5, '(payload: string | object | Buffer<ArrayBufferLike>, secretOrPrivateKey: Buffer<ArrayBufferLike> | Secret | PrivateKeyInput | JsonWebKeyInput, callback: SignCallback): void', gave the following error.\n    Object literal may only specify known properties, and 'expiresIn' does not exist in type 'SignCallback'.\n\n\u001b[7m16\u001b[0m       return jwt.sign({ id }, process.env['JWT_SECRET']!, {\n\u001b[7m  \u001b[0m \u001b[91m                 ~~~~\u001b[0m\n\n  \u001b[96m../node_modules/@types/jsonwebtoken/index.d.ts\u001b[0m:\u001b[93m43\u001b[0m:\u001b[93m5\u001b[0m\n    \u001b[7m43\u001b[0m     expiresIn?: StringValue | number;\n    \u001b[7m  \u001b[0m \u001b[96m    ~~~~~~~~~\u001b[0m\n    The expected type comes from property 'expiresIn' which is declared here on type 'SignOptions'\n\u001b[96msrc/routes/auth.ts\u001b[0m:\u001b[93m59\u001b[0m:\u001b[93m31\u001b[0m - \u001b[91merror\u001b[0m\u001b[90m TS2345: \u001b[0mArgument of type 'unknown' is not assignable to parameter of type 'string'.\n\n\u001b[7m59\u001b[0m   const token = generateToken(user._id);\n\u001b[7m  \u001b[0m \u001b[91m                              ~~~~~~~~\u001b[0m\n\u001b[96msrc/routes/auth.ts\u001b[0m:\u001b[93m104\u001b[0m:\u001b[93m31\u001b[0m - \u001b[91merror\u001b[0m\u001b[90m TS2345: \u001b[0mArgument of type 'unknown' is not assignable to parameter of type 'string'.\n\n\u001b[7m104\u001b[0m   const token = generateToken(user._id);\n\u001b[7m   \u001b[0m \u001b[91m                              ~~~~~~~~\u001b[0m\n\n    at createTSError (/Users/antonedei/Documents/SpendBox/spendbox/node_modules/ts-node/src/index.ts:859:12)\n    at reportTSError (/Users/antonedei/Documents/SpendBox/spendbox/node_modules/ts-node/src/index.ts:863:19)\n    at getOutput (/Users/antonedei/Documents/SpendBox/spendbox/node_modules/ts-node/src/index.ts:1077:36)\n    at Object.compile (/Users/antonedei/Documents/SpendBox/spendbox/node_modules/ts-node/src/index.ts:1433:41)\n    at Module.m._compile (/Users/antonedei/Documents/SpendBox/spendbox/node_modules/ts-node/src/index.ts:1617:30)\n    at Module._extensions..js (node:internal/modules/cjs/loader:1272:10)\n    at Object.require.extensions.<computed> [as .ts] (/Users/antonedei/Documents/SpendBox/spendbox/node_modules/ts-node/src/index.ts:1621:12)\n    at Module.load (node:internal/modules/cjs/loader:1081:32)\n    at Function.Module._load (node:internal/modules/cjs/loader:922:12)\n    at Module.require (node:internal/modules/cjs/loader:1105:19)","os":{"loadavg":[130.39208984375,66.08544921875,46.19482421875],"uptime":2122079},"process":{"argv":["/Users/antonedei/Documents/SpendBox/spendbox/node_modules/.bin/ts-node","/Users/antonedei/Documents/SpendBox/spendbox/backend/src/index.ts"],"cwd":"/Users/antonedei/Documents/SpendBox/spendbox/backend","execPath":"/usr/local/bin/node","gid":20,"memoryUsage":{"arrayBuffers":20667298,"external":22153228,"heapTotal":391528448,"heapUsed":361030920,"rss":468877312},"pid":41455,"uid":501,"version":"v18.13.0"},"service":"spendbox-backend","stack":"TSError: ⨯ Unable to compile TypeScript:\n\u001b[96msrc/routes/auth.ts\u001b[0m:\u001b[93m16\u001b[0m:\u001b[93m18\u001b[0m - \u001b[91merror\u001b[0m\u001b[90m TS2769: \u001b[0mNo overload matches this call.\n  Overload 1 of 5, '(payload: string | object | Buffer<ArrayBufferLike>, secretOrPrivateKey: null, options?: SignOptions & { algorithm: \"none\"; }): string', gave the following error.\n    Argument of type 'string' is not assignable to parameter of type 'null'.\n  Overload 2 of 5, '(payload: string | object | Buffer<ArrayBufferLike>, secretOrPrivateKey: Buffer<ArrayBufferLike> | Secret | PrivateKeyInput | JsonWebKeyInput, options?: SignOptions): string', gave the following error.\n    Type 'string' is not assignable to type 'number | StringValue'.\n  Overload 3 of 5, '(payload: string | object | Buffer<ArrayBufferLike>, secretOrPrivateKey: Buffer<ArrayBufferLike> | Secret | PrivateKeyInput | JsonWebKeyInput, callback: SignCallback): void', gave the following error.\n    Object literal may only specify known properties, and 'expiresIn' does not exist in type 'SignCallback'.\n\n\u001b[7m16\u001b[0m       return jwt.sign({ id }, process.env['JWT_SECRET']!, {\n\u001b[7m  \u001b[0m \u001b[91m                 ~~~~\u001b[0m\n\n  \u001b[96m../node_modules/@types/jsonwebtoken/index.d.ts\u001b[0m:\u001b[93m43\u001b[0m:\u001b[93m5\u001b[0m\n    \u001b[7m43\u001b[0m     expiresIn?: StringValue | number;\n    \u001b[7m  \u001b[0m \u001b[96m    ~~~~~~~~~\u001b[0m\n    The expected type comes from property 'expiresIn' which is declared here on type 'SignOptions'\n\u001b[96msrc/routes/auth.ts\u001b[0m:\u001b[93m59\u001b[0m:\u001b[93m31\u001b[0m - \u001b[91merror\u001b[0m\u001b[90m TS2345: \u001b[0mArgument of type 'unknown' is not assignable to parameter of type 'string'.\n\n\u001b[7m59\u001b[0m   const token = generateToken(user._id);\n\u001b[7m  \u001b[0m \u001b[91m                              ~~~~~~~~\u001b[0m\n\u001b[96msrc/routes/auth.ts\u001b[0m:\u001b[93m104\u001b[0m:\u001b[93m31\u001b[0m - \u001b[91merror\u001b[0m\u001b[90m TS2345: \u001b[0mArgument of type 'unknown' is not assignable to parameter of type 'string'.\n\n\u001b[7m104\u001b[0m   const token = generateToken(user._id);\n\u001b[7m   \u001b[0m \u001b[91m                              ~~~~~~~~\u001b[0m\n\n    at createTSError (/Users/antonedei/Documents/SpendBox/spendbox/node_modules/ts-node/src/index.ts:859:12)\n    at reportTSError (/Users/antonedei/Documents/SpendBox/spendbox/node_modules/ts-node/src/index.ts:863:19)\n    at getOutput (/Users/antonedei/Documents/SpendBox/spendbox/node_modules/ts-node/src/index.ts:1077:36)\n    at Object.compile (/Users/antonedei/Documents/SpendBox/spendbox/node_modules/ts-node/src/index.ts:1433:41)\n    at Module.m._compile (/Users/antonedei/Documents/SpendBox/spendbox/node_modules/ts-node/src/index.ts:1617:30)\n    at Module._extensions..js (node:internal/modules/cjs/loader:1272:10)\n    at Object.require.extensions.<computed> [as .ts] (/Users/antonedei/Documents/SpendBox/spendbox/node_modules/ts-node/src/index.ts:1621:12)\n    at Module.load (node:internal/modules/cjs/loader:1081:32)\n    at Function.Module._load (node:internal/modules/cjs/loader:922:12)\n    at Module.require (node:internal/modules/cjs/loader:1105:19)","timestamp":"2025-08-02T19:17:23.719Z","trace":[{"column":12,"file":"/Users/antonedei/Documents/SpendBox/spendbox/node_modules/ts-node/src/index.ts","function":"createTSError","line":859,"method":null,"native":false},{"column":19,"file":"/Users/antonedei/Documents/SpendBox/spendbox/node_modules/ts-node/src/index.ts","function":"reportTSError","line":863,"method":null,"native":false},{"column":36,"file":"/Users/antonedei/Documents/SpendBox/spendbox/node_modules/ts-node/src/index.ts","function":"getOutput","line":1077,"method":null,"native":false},{"column":41,"file":"/Users/antonedei/Documents/SpendBox/spendbox/node_modules/ts-node/src/index.ts","function":"Object.compile","line":1433,"method":"compile","native":false},{"column":30,"file":"/Users/antonedei/Documents/SpendBox/spendbox/node_modules/ts-node/src/index.ts","function":"Module.m._compile","line":1617,"method":"_compile","native":false},{"column":10,"file":"node:internal/modules/cjs/loader","function":"Module._extensions..js","line":1272,"method":".js","native":false},{"column":12,"file":"/Users/antonedei/Documents/SpendBox/spendbox/node_modules/ts-node/src/index.ts","function":"Object.require.extensions.<computed> [as .ts]","line":1621,"method":"ts]","native":false},{"column":32,"file":"node:internal/modules/cjs/loader","function":"Module.load","line":1081,"method":"load","native":false},{"column":12,"file":"node:internal/modules/cjs/loader","function":"Module._load","line":922,"method":"_load","native":false},{"column":19,"file":"node:internal/modules/cjs/loader","function":"Module.require","line":1105,"method":"require","native":false}]}
{"date":"Sat Aug 02 2025 14:21:08 GMT-0500 (Central Daylight Time)","error":{"diagnosticCodes":[2769,2345,2345]},"exception":true,"level":"error","message":"uncaughtException: ⨯ Unable to compile TypeScript:\nsrc/routes/auth.ts(16,18): error TS2769: No overload matches this call.\n  Overload 1 of 5, '(payload: string | object | Buffer<ArrayBufferLike>, secretOrPrivateKey: null, options?: SignOptions & { algorithm: \"none\"; }): string', gave the following error.\n    Argument of type 'string' is not assignable to parameter of type 'null'.\n  Overload 2 of 5, '(payload: string | object | Buffer<ArrayBufferLike>, secretOrPrivateKey: Buffer<ArrayBufferLike> | Secret | PrivateKeyInput | JsonWebKeyInput, options?: SignOptions): string', gave the following error.\n    Type 'string' is not assignable to type 'number | StringValue'.\n  Overload 3 of 5, '(payload: string | object | Buffer<ArrayBufferLike>, secretOrPrivateKey: Buffer<ArrayBufferLike> | Secret | PrivateKeyInput | JsonWebKeyInput, callback: SignCallback): void', gave the following error.\n    Object literal may only specify known properties, and 'expiresIn' does not exist in type 'SignCallback'.\nsrc/routes/auth.ts(59,31): error TS2345: Argument of type 'unknown' is not assignable to parameter of type 'string'.\nsrc/routes/auth.ts(104,31): error TS2345: Argument of type 'unknown' is not assignable to parameter of type 'string'.\n\nTSError: ⨯ Unable to compile TypeScript:\nsrc/routes/auth.ts(16,18): error TS2769: No overload matches this call.\n  Overload 1 of 5, '(payload: string | object | Buffer<ArrayBufferLike>, secretOrPrivateKey: null, options?: SignOptions & { algorithm: \"none\"; }): string', gave the following error.\n    Argument of type 'string' is not assignable to parameter of type 'null'.\n  Overload 2 of 5, '(payload: string | object | Buffer<ArrayBufferLike>, secretOrPrivateKey: Buffer<ArrayBufferLike> | Secret | PrivateKeyInput | JsonWebKeyInput, options?: SignOptions): string', gave the following error.\n    Type 'string' is not assignable to type 'number | StringValue'.\n  Overload 3 of 5, '(payload: string | object | Buffer<ArrayBufferLike>, secretOrPrivateKey: Buffer<ArrayBufferLike> | Secret | PrivateKeyInput | JsonWebKeyInput, callback: SignCallback): void', gave the following error.\n    Object literal may only specify known properties, and 'expiresIn' does not exist in type 'SignCallback'.\nsrc/routes/auth.ts(59,31): error TS2345: Argument of type 'unknown' is not assignable to parameter of type 'string'.\nsrc/routes/auth.ts(104,31): error TS2345: Argument of type 'unknown' is not assignable to parameter of type 'string'.\n\n    at createTSError (/Users/antonedei/Documents/SpendBox/spendbox/node_modules/ts-node/src/index.ts:859:12)\n    at reportTSError (/Users/antonedei/Documents/SpendBox/spendbox/node_modules/ts-node/src/index.ts:863:19)\n    at getOutput (/Users/antonedei/Documents/SpendBox/spendbox/node_modules/ts-node/src/index.ts:1077:36)\n    at Object.compile (/Users/antonedei/Documents/SpendBox/spendbox/node_modules/ts-node/src/index.ts:1433:41)\n    at Module.m._compile (/Users/antonedei/Documents/SpendBox/spendbox/node_modules/ts-node/src/index.ts:1617:30)\n    at Module._extensions..js (node:internal/modules/cjs/loader:1272:10)\n    at Object.require.extensions.<computed> [as .ts] (/Users/antonedei/Documents/SpendBox/spendbox/node_modules/ts-node/src/index.ts:1621:12)\n    at Module.load (node:internal/modules/cjs/loader:1081:32)\n    at Function.Module._load (node:internal/modules/cjs/loader:922:12)\n    at Module.require (node:internal/modules/cjs/loader:1105:19)","os":{"loadavg":[45.94580078125,55.6806640625,46.4384765625],"uptime":2122304},"process":{"argv":["/Users/antonedei/Documents/SpendBox/spendbox/node_modules/.bin/ts-node","/Users/antonedei/Documents/SpendBox/spendbox/backend/src/index.ts"],"cwd":"/Users/antonedei/Documents/SpendBox/spendbox/backend","execPath":"/usr/local/bin/node","gid":20,"memoryUsage":{"arrayBuffers":20667298,"external":22153228,"heapTotal":392839168,"heapUsed":361356936,"rss":388841472},"pid":43546,"uid":501,"version":"v18.13.0"},"service":"spendbox-backend","stack":"TSError: ⨯ Unable to compile TypeScript:\nsrc/routes/auth.ts(16,18): error TS2769: No overload matches this call.\n  Overload 1 of 5, '(payload: string | object | Buffer<ArrayBufferLike>, secretOrPrivateKey: null, options?: SignOptions & { algorithm: \"none\"; }): string', gave the following error.\n    Argument of type 'string' is not assignable to parameter of type 'null'.\n  Overload 2 of 5, '(payload: string | object | Buffer<ArrayBufferLike>, secretOrPrivateKey: Buffer<ArrayBufferLike> | Secret | PrivateKeyInput | JsonWebKeyInput, options?: SignOptions): string', gave the following error.\n    Type 'string' is not assignable to type 'number | StringValue'.\n  Overload 3 of 5, '(payload: string | object | Buffer<ArrayBufferLike>, secretOrPrivateKey: Buffer<ArrayBufferLike> | Secret | PrivateKeyInput | JsonWebKeyInput, callback: SignCallback): void', gave the following error.\n    Object literal may only specify known properties, and 'expiresIn' does not exist in type 'SignCallback'.\nsrc/routes/auth.ts(59,31): error TS2345: Argument of type 'unknown' is not assignable to parameter of type 'string'.\nsrc/routes/auth.ts(104,31): error TS2345: Argument of type 'unknown' is not assignable to parameter of type 'string'.\n\n    at createTSError (/Users/antonedei/Documents/SpendBox/spendbox/node_modules/ts-node/src/index.ts:859:12)\n    at reportTSError (/Users/antonedei/Documents/SpendBox/spendbox/node_modules/ts-node/src/index.ts:863:19)\n    at getOutput (/Users/antonedei/Documents/SpendBox/spendbox/node_modules/ts-node/src/index.ts:1077:36)\n    at Object.compile (/Users/antonedei/Documents/SpendBox/spendbox/node_modules/ts-node/src/index.ts:1433:41)\n    at Module.m._compile (/Users/antonedei/Documents/SpendBox/spendbox/node_modules/ts-node/src/index.ts:1617:30)\n    at Module._extensions..js (node:internal/modules/cjs/loader:1272:10)\n    at Object.require.extensions.<computed> [as .ts] (/Users/antonedei/Documents/SpendBox/spendbox/node_modules/ts-node/src/index.ts:1621:12)\n    at Module.load (node:internal/modules/cjs/loader:1081:32)\n    at Function.Module._load (node:internal/modules/cjs/loader:922:12)\n    at Module.require (node:internal/modules/cjs/loader:1105:19)","timestamp":"2025-08-02T19:21:08.129Z","trace":[{"column":12,"file":"/Users/antonedei/Documents/SpendBox/spendbox/node_modules/ts-node/src/index.ts","function":"createTSError","line":859,"method":null,"native":false},{"column":19,"file":"/Users/antonedei/Documents/SpendBox/spendbox/node_modules/ts-node/src/index.ts","function":"reportTSError","line":863,"method":null,"native":false},{"column":36,"file":"/Users/antonedei/Documents/SpendBox/spendbox/node_modules/ts-node/src/index.ts","function":"getOutput","line":1077,"method":null,"native":false},{"column":41,"file":"/Users/antonedei/Documents/SpendBox/spendbox/node_modules/ts-node/src/index.ts","function":"Object.compile","line":1433,"method":"compile","native":false},{"column":30,"file":"/Users/antonedei/Documents/SpendBox/spendbox/node_modules/ts-node/src/index.ts","function":"Module.m._compile","line":1617,"method":"_compile","native":false},{"column":10,"file":"node:internal/modules/cjs/loader","function":"Module._extensions..js","line":1272,"method":".js","native":false},{"column":12,"file":"/Users/antonedei/Documents/SpendBox/spendbox/node_modules/ts-node/src/index.ts","function":"Object.require.extensions.<computed> [as .ts]","line":1621,"method":"ts]","native":false},{"column":32,"file":"node:internal/modules/cjs/loader","function":"Module.load","line":1081,"method":"load","native":false},{"column":12,"file":"node:internal/modules/cjs/loader","function":"Module._load","line":922,"method":"_load","native":false},{"column":19,"file":"node:internal/modules/cjs/loader","function":"Module.require","line":1105,"method":"require","native":false}]}
